Optimize_vision/app/build/intermediates/manifest_merge_blame_file/proguard/manifest-merger-blame-proguard-report.txt
1<?xml version="1.0" encoding="utf-8"?>
2<manifest xmlns:android="http://schemas.android.com/apk/res/android"
3    package="com.google.mlkit.vision.demo"
4    android:installLocation="auto"
5    android:versionCode="11"
6    android:versionName="1.11" >
7    <!--
8 CameraX libraries require minSdkVersion 21, while this quickstart app
9    supports low to 16. Needs to use overrideLibrary to make the merger tool
10    ignore this conflict and import the libraries while keeping the app's lower
11    minSdkVersion value. In code, will check SDK version, before calling CameraX
12    APIs.
13    -->
14    <uses-sdk
14-->src\main\AndroidManifest.xml:12:5-15:63
15        android:minSdkVersion="16"
15-->src\main\AndroidManifest.xml:12:5-15:63
16        android:targetSdkVersion="30" />
16-->src\main\AndroidManifest.xml:12:5-15:63
17
18    <uses-feature android:name="android.hardware.camera" />
18-->src\main\AndroidManifest.xml:17:5-59
18-->src\main\AndroidManifest.xml:17:19-57
19
20    <uses-permission android:name="android.permission.INTERNET" />
20-->src\main\AndroidManifest.xml:19:5-66
20-->src\main\AndroidManifest.xml:19:22-64
21    <uses-permission android:name="android.permission.WRITE_EXTERNAL_STORAGE" />
21-->src\main\AndroidManifest.xml:20:5-80
21-->src\main\AndroidManifest.xml:20:22-78
22    <uses-permission android:name="android.permission.READ_EXTERNAL_STORAGE" />
22-->src\main\AndroidManifest.xml:21:5-79
22-->src\main\AndroidManifest.xml:21:22-77
23    <uses-permission android:name="android.permission.CAMERA" />
23-->src\main\AndroidManifest.xml:22:5-64
23-->src\main\AndroidManifest.xml:22:22-62
24
25    <queries>
25-->src\main\AndroidManifest.xml:95:5-99:15
26        <intent>
26-->src\main\AndroidManifest.xml:96:9-98:18
27            <action android:name="android.media.action.IMAGE_CAPTURE" />
27-->src\main\AndroidManifest.xml:97:13-73
27-->src\main\AndroidManifest.xml:97:21-70
28        </intent>
29    </queries>
30
31    <!-- Although the *SdkVersion is captured in gradle build files, this is required for non gradle builds -->
32    <!-- <uses-sdk android:minSdkVersion="14"/> -->
33    <uses-permission android:name="android.permission.ACCESS_NETWORK_STATE" />
33-->[com.google.android.datatransport:transport-backend-cct:2.3.3] AndroidManifest.xml:25:5-79
33-->[com.google.android.datatransport:transport-backend-cct:2.3.3] AndroidManifest.xml:25:22-76
34
35    <application
35-->src\main\AndroidManifest.xml:24:5-94:19
36        android:name="androidx.multidex.MultiDexApplication"
36-->src\main\AndroidManifest.xml:25:9-61
37        android:appComponentFactory="androidx.core.app.CoreComponentFactory"
37-->[androidx.core:core:1.3.1] AndroidManifest.xml:24:18-86
38        android:icon="@drawable/logo_mlkit"
38-->src\main\AndroidManifest.xml:26:9-44
39        android:label="@string/app_name"
39-->src\main\AndroidManifest.xml:27:9-41
40        android:testOnly="true"
41        android:theme="@style/Theme.AppCompat" >
41-->src\main\AndroidManifest.xml:28:9-47
42        <meta-data
42-->src\main\AndroidManifest.xml:30:9-32:68
43            android:name="com.google.android.gms.version"
43-->src\main\AndroidManifest.xml:31:13-58
44            android:value="@integer/google_play_services_version" />
44-->src\main\AndroidManifest.xml:32:13-66
45
46        <!--
47          Optional: Add it to automatically download ML model to device after
48          your app is installed.
49        -->
50        <meta-data
50-->src\main\AndroidManifest.xml:36:9-38:51
51            android:name="com.google.mlkit.vision.DEPENDENCIES"
51-->src\main\AndroidManifest.xml:37:13-64
52            android:value="barcode,face,ocr,ica" />
52-->src\main\AndroidManifest.xml:38:13-49
53
54        <activity
54-->src\main\AndroidManifest.xml:40:9-48:20
55            android:name="com.google.mlkit.vision.demo.EntryChoiceActivity"
55-->src\main\AndroidManifest.xml:41:13-48
56            android:exported="true"
56-->src\main\AndroidManifest.xml:42:13-36
57            android:theme="@style/AppTheme" >
57-->src\main\AndroidManifest.xml:43:13-44
58            <intent-filter>
58-->src\main\AndroidManifest.xml:44:13-47:29
59                <action android:name="android.intent.action.MAIN" />
59-->src\main\AndroidManifest.xml:45:17-68
59-->src\main\AndroidManifest.xml:45:25-66
60
61                <category android:name="android.intent.category.LAUNCHER" />
61-->src\main\AndroidManifest.xml:46:17-76
61-->src\main\AndroidManifest.xml:46:27-74
62            </intent-filter>
63        </activity>
64        <activity
64-->src\main\AndroidManifest.xml:50:9-53:20
65            android:name="com.google.mlkit.vision.demo.java.ChooserActivity"
65-->src\main\AndroidManifest.xml:51:13-49
66            android:exported="true" >
66-->src\main\AndroidManifest.xml:52:13-36
67        </activity>
68        <activity
68-->src\main\AndroidManifest.xml:55:9-59:20
69            android:name="com.google.mlkit.vision.demo.java.CameraXLivePreviewActivity"
69-->src\main\AndroidManifest.xml:56:13-60
70            android:exported="true"
70-->src\main\AndroidManifest.xml:57:13-36
71            android:theme="@style/AppTheme" >
71-->src\main\AndroidManifest.xml:58:13-44
72        </activity>
73        <activity
73-->src\main\AndroidManifest.xml:61:9-64:20
74            android:name="com.google.mlkit.vision.demo.kotlin.ChooserActivity"
74-->src\main\AndroidManifest.xml:62:13-51
75            android:exported="true" >
75-->src\main\AndroidManifest.xml:63:13-36
76        </activity>
77        <activity
77-->src\main\AndroidManifest.xml:66:9-70:20
78            android:name="com.google.mlkit.vision.demo.kotlin.LivePreviewActivity"
78-->src\main\AndroidManifest.xml:67:13-55
79            android:exported="true"
79-->src\main\AndroidManifest.xml:68:13-36
80            android:theme="@style/AppTheme" >
80-->src\main\AndroidManifest.xml:69:13-44
81        </activity>
82        <activity
82-->src\main\AndroidManifest.xml:72:9-76:20
83            android:name="com.google.mlkit.vision.demo.kotlin.CameraXLivePreviewActivity"
83-->src\main\AndroidManifest.xml:73:13-62
84            android:exported="true"
84-->src\main\AndroidManifest.xml:74:13-36
85            android:theme="@style/AppTheme" >
85-->src\main\AndroidManifest.xml:75:13-44
86        </activity>
87        <activity
87-->src\main\AndroidManifest.xml:78:9-82:20
88            android:name="com.google.mlkit.vision.demo.kotlin.CameraXSourceDemoActivity"
88-->src\main\AndroidManifest.xml:79:13-61
89            android:exported="true"
89-->src\main\AndroidManifest.xml:80:13-36
90            android:theme="@style/AppTheme" >
90-->src\main\AndroidManifest.xml:81:13-44
91        </activity>
92        <activity
92-->src\main\AndroidManifest.xml:84:9-88:20
93            android:name="com.google.mlkit.vision.demo.kotlin.StillImageActivity"
93-->src\main\AndroidManifest.xml:85:13-54
94            android:exported="true"
94-->src\main\AndroidManifest.xml:86:13-36
95            android:theme="@style/AppTheme" >
95-->src\main\AndroidManifest.xml:87:13-44
96        </activity>
97        <activity
97-->src\main\AndroidManifest.xml:90:9-92:39
98            android:name="com.google.mlkit.vision.demo.preference.SettingsActivity"
98-->src\main\AndroidManifest.xml:91:13-56
99            android:exported="false" />
99-->src\main\AndroidManifest.xml:92:13-37
100
101        <service
101-->[com.google.mlkit:object-detection:16.2.6] AndroidManifest.xml:8:9-14:19
102            android:name="com.google.mlkit.common.internal.MlKitComponentDiscoveryService"
102-->[com.google.mlkit:object-detection:16.2.6] AndroidManifest.xml:9:13-91
103            android:directBootAware="true"
103-->[com.google.mlkit:common:17.3.0] AndroidManifest.xml:17:13-43
104            android:exported="false" >
104-->[com.google.mlkit:object-detection:16.2.6] AndroidManifest.xml:10:13-37
105            <meta-data
105-->[com.google.mlkit:object-detection:16.2.6] AndroidManifest.xml:11:13-13:85
106                android:name="com.google.firebase.components:com.google.mlkit.vision.objects.defaults.internal.DefaultObjectsRegistrar"
106-->[com.google.mlkit:object-detection:16.2.6] AndroidManifest.xml:12:17-136
107                android:value="com.google.firebase.components.ComponentRegistrar" />
107-->[com.google.mlkit:object-detection:16.2.6] AndroidManifest.xml:13:17-82
108            <meta-data
108-->[com.google.mlkit:object-detection-custom:16.3.3] AndroidManifest.xml:11:13-13:85
109                android:name="com.google.firebase.components:com.google.mlkit.vision.objects.custom.internal.CustomObjectsRegistrar"
109-->[com.google.mlkit:object-detection-custom:16.3.3] AndroidManifest.xml:12:17-133
110                android:value="com.google.firebase.components.ComponentRegistrar" />
110-->[com.google.mlkit:object-detection-custom:16.3.3] AndroidManifest.xml:13:17-82
111            <meta-data
111-->[com.google.mlkit:image-labeling:17.0.5] AndroidManifest.xml:11:13-13:85
112                android:name="com.google.firebase.components:com.google.mlkit.vision.label.defaults.internal.BundledLabelRegistrar"
112-->[com.google.mlkit:image-labeling:17.0.5] AndroidManifest.xml:12:17-132
113                android:value="com.google.firebase.components.ComponentRegistrar" />
113-->[com.google.mlkit:image-labeling:17.0.5] AndroidManifest.xml:13:17-82
114            <meta-data
114-->[com.google.mlkit:image-labeling-custom:16.3.1] AndroidManifest.xml:11:13-13:85
115                android:name="com.google.firebase.components:com.google.mlkit.vision.label.custom.internal.CustomLabelRegistrar"
115-->[com.google.mlkit:image-labeling-custom:16.3.1] AndroidManifest.xml:12:17-129
116                android:value="com.google.firebase.components.ComponentRegistrar" />
116-->[com.google.mlkit:image-labeling-custom:16.3.1] AndroidManifest.xml:13:17-82
117            <meta-data
117-->[com.google.mlkit:segmentation-selfie:16.0.0-beta2] AndroidManifest.xml:12:13-14:85
118                android:name="com.google.firebase.components:com.google.mlkit.vision.segmentation.internal.SegmentationRegistrar"
118-->[com.google.mlkit:segmentation-selfie:16.0.0-beta2] AndroidManifest.xml:13:17-130
119                android:value="com.google.firebase.components.ComponentRegistrar" />
119-->[com.google.mlkit:segmentation-selfie:16.0.0-beta2] AndroidManifest.xml:14:17-82
120            <meta-data
120-->[com.google.android.gms:play-services-mlkit-barcode-scanning:16.2.1] AndroidManifest.xml:12:13-14:85
121                android:name="com.google.firebase.components:com.google.mlkit.vision.barcode.internal.BarcodeRegistrar"
121-->[com.google.android.gms:play-services-mlkit-barcode-scanning:16.2.1] AndroidManifest.xml:13:17-120
122                android:value="com.google.firebase.components.ComponentRegistrar" />
122-->[com.google.android.gms:play-services-mlkit-barcode-scanning:16.2.1] AndroidManifest.xml:14:17-82
123            <meta-data
123-->[com.google.mlkit:vision-internal-vkp:18.1.1] AndroidManifest.xml:11:13-13:85
124                android:name="com.google.firebase.components:com.google.mlkit.vision.vkp.VkpRegistrar"
124-->[com.google.mlkit:vision-internal-vkp:18.1.1] AndroidManifest.xml:12:17-103
125                android:value="com.google.firebase.components.ComponentRegistrar" />
125-->[com.google.mlkit:vision-internal-vkp:18.1.1] AndroidManifest.xml:13:17-82
126            <meta-data
126-->[com.google.android.gms:play-services-mlkit-face-detection:16.2.0] AndroidManifest.xml:12:13-14:85
127                android:name="com.google.firebase.components:com.google.mlkit.vision.face.internal.FaceRegistrar"
127-->[com.google.android.gms:play-services-mlkit-face-detection:16.2.0] AndroidManifest.xml:13:17-114
128                android:value="com.google.firebase.components.ComponentRegistrar" />
128-->[com.google.android.gms:play-services-mlkit-face-detection:16.2.0] AndroidManifest.xml:14:17-82
129            <meta-data
129-->[com.google.android.gms:play-services-mlkit-text-recognition-common:16.0.0] AndroidManifest.xml:12:13-14:85
130                android:name="com.google.firebase.components:com.google.mlkit.vision.text.internal.TextRegistrar"
130-->[com.google.android.gms:play-services-mlkit-text-recognition-common:16.0.0] AndroidManifest.xml:13:17-114
131                android:value="com.google.firebase.components.ComponentRegistrar" />
131-->[com.google.android.gms:play-services-mlkit-text-recognition-common:16.0.0] AndroidManifest.xml:14:17-82
132            <meta-data
132-->[com.google.mlkit:pose-detection-common:17.1.0-beta4] AndroidManifest.xml:11:13-13:85
133                android:name="com.google.firebase.components:com.google.mlkit.vision.pose.internal.PoseRegistrar"
133-->[com.google.mlkit:pose-detection-common:17.1.0-beta4] AndroidManifest.xml:12:17-114
134                android:value="com.google.firebase.components.ComponentRegistrar" />
134-->[com.google.mlkit:pose-detection-common:17.1.0-beta4] AndroidManifest.xml:13:17-82
135            <meta-data
135-->[com.google.mlkit:vision-common:16.5.0] AndroidManifest.xml:12:13-14:85
136                android:name="com.google.firebase.components:com.google.mlkit.vision.common.internal.VisionCommonRegistrar"
136-->[com.google.mlkit:vision-common:16.5.0] AndroidManifest.xml:13:17-124
137                android:value="com.google.firebase.components.ComponentRegistrar" />
137-->[com.google.mlkit:vision-common:16.5.0] AndroidManifest.xml:14:17-82
138            <meta-data
138-->[com.google.mlkit:common:17.3.0] AndroidManifest.xml:20:13-22:85
139                android:name="com.google.firebase.components:com.google.mlkit.common.internal.CommonComponentRegistrar"
139-->[com.google.mlkit:common:17.3.0] AndroidManifest.xml:21:17-120
140                android:value="com.google.firebase.components.ComponentRegistrar" />
140-->[com.google.mlkit:common:17.3.0] AndroidManifest.xml:22:17-82
141        </service>
142
143        <provider
143-->[com.google.mlkit:common:17.3.0] AndroidManifest.xml:9:9-13:38
144            android:name="com.google.mlkit.common.internal.MlKitInitProvider"
144-->[com.google.mlkit:common:17.3.0] AndroidManifest.xml:10:13-78
145            android:authorities="com.google.mlkit.vision.demo.mlkitinitprovider"
145-->[com.google.mlkit:common:17.3.0] AndroidManifest.xml:11:13-69
146            android:exported="false"
146-->[com.google.mlkit:common:17.3.0] AndroidManifest.xml:12:13-37
147            android:initOrder="99" />
147-->[com.google.mlkit:common:17.3.0] AndroidManifest.xml:13:13-35
148
149        <activity
149-->[com.google.android.gms:play-services-base:17.6.0] AndroidManifest.xml:23:9-26:75
150            android:name="com.google.android.gms.common.api.GoogleApiActivity"
150-->[com.google.android.gms:play-services-base:17.6.0] AndroidManifest.xml:24:13-79
151            android:exported="false"
151-->[com.google.android.gms:play-services-base:17.6.0] AndroidManifest.xml:25:13-37
152            android:theme="@android:style/Theme.Translucent.NoTitleBar" />
152-->[com.google.android.gms:play-services-base:17.6.0] AndroidManifest.xml:26:13-72
153
154        <service
154-->[com.google.android.datatransport:transport-backend-cct:2.3.3] AndroidManifest.xml:29:9-35:19
155            android:name="com.google.android.datatransport.runtime.backends.TransportBackendDiscovery"
155-->[com.google.android.datatransport:transport-backend-cct:2.3.3] AndroidManifest.xml:30:13-103
156            android:exported="false" >
156-->[com.google.android.datatransport:transport-backend-cct:2.3.3] AndroidManifest.xml:31:13-37
157            <meta-data
157-->[com.google.android.datatransport:transport-backend-cct:2.3.3] AndroidManifest.xml:32:13-34:39
158                android:name="backend:com.google.android.datatransport.cct.CctBackendFactory"
158-->[com.google.android.datatransport:transport-backend-cct:2.3.3] AndroidManifest.xml:33:17-94
159                android:value="cct" />
159-->[com.google.android.datatransport:transport-backend-cct:2.3.3] AndroidManifest.xml:34:17-36
160        </service>
161        <service
161-->[com.google.android.datatransport:transport-runtime:2.2.6] AndroidManifest.xml:26:9-30:19
162            android:name="com.google.android.datatransport.runtime.scheduling.jobscheduling.JobInfoSchedulerService"
162-->[com.google.android.datatransport:transport-runtime:2.2.6] AndroidManifest.xml:27:13-117
163            android:exported="false"
163-->[com.google.android.datatransport:transport-runtime:2.2.6] AndroidManifest.xml:28:13-37
164            android:permission="android.permission.BIND_JOB_SERVICE" >
164-->[com.google.android.datatransport:transport-runtime:2.2.6] AndroidManifest.xml:29:13-69
165        </service>
166
167        <receiver
167-->[com.google.android.datatransport:transport-runtime:2.2.6] AndroidManifest.xml:32:9-34:40
168            android:name="com.google.android.datatransport.runtime.scheduling.jobscheduling.AlarmManagerSchedulerBroadcastReceiver"
168-->[com.google.android.datatransport:transport-runtime:2.2.6] AndroidManifest.xml:33:13-132
169            android:exported="false" />
169-->[com.google.android.datatransport:transport-runtime:2.2.6] AndroidManifest.xml:34:13-37
170
171        <provider
171-->[androidx.lifecycle:lifecycle-process:2.1.0] AndroidManifest.xml:23:9-27:43
172            android:name="androidx.lifecycle.ProcessLifecycleOwnerInitializer"
172-->[androidx.lifecycle:lifecycle-process:2.1.0] AndroidManifest.xml:24:13-79
173            android:authorities="com.google.mlkit.vision.demo.lifecycle-process"
173-->[androidx.lifecycle:lifecycle-process:2.1.0] AndroidManifest.xml:25:13-69
174            android:exported="false"
174-->[androidx.lifecycle:lifecycle-process:2.1.0] AndroidManifest.xml:26:13-37
175            android:multiprocess="true" />
175-->[androidx.lifecycle:lifecycle-process:2.1.0] AndroidManifest.xml:27:13-40
176    </application>
177
178</manifest>